Build started 9/13/2018 3:23:11 PM.
     1>Project "J:\AIT\Game Engine\Assingment\Snacks\BasicGameProject\Snacks_Project\Snacks_Project.vcxproj" on node 2 (Build target(s)).
     1>ClCompile:
         C:\Program Files (x86)\Microsoft Visual Studio 12.0\VC\bin\CL.exe /c /ZI /nologo /W3 /WX- /sdl /Od /Oy- /D _MBCS /Gm /EHsc /RTC1 /MDd /GS /fp:precise /Zc:wchar_t /Zc:forScope /Fo"Debug\\" /Fd"Debug\vc120.pdb" /Gd /TP /analyze- /errorReport:prompt PlayGameState.cpp
         PlayGameState.cpp
     1>j:\ait\game engine\assingment\snacks\basicgameproject\snacks_project\playgamestate.cpp(14): warning C4305: 'argument' : truncation from 'double' to 'float'
     1>j:\ait\game engine\assingment\snacks\basicgameproject\snacks_project\playgamestate.cpp(64): warning C4244: '=' : conversion from 'double' to 'float', possible loss of data
       Link:
         C:\Program Files (x86)\Microsoft Visual Studio 12.0\VC\bin\link.exe /ERRORREPORT:PROMPT /OUT:"J:\AIT\Game Engine\Assingment\Snacks\BasicGameProject\Debug\Snacks_Project.exe" /INCREMENTAL /NOLOGO SDL2.lib SDL2main.lib SDL2_image.lib SDL2_ttf.lib SDL2_mixer.lib kernel32.lib user32.lib gdi32.lib winspool.lib comdlg32.lib advapi32.lib shell32.lib ole32.lib oleaut32.lib uuid.lib odbc32.lib odbccp32.lib /MANIFEST /MANIFESTUAC:"level='asInvoker' uiAccess='false'" /manifest:embed /DEBUG /PDB:"J:\AIT\Game Engine\Assingment\Snacks\BasicGameProject\Debug\Snacks_Project.pdb" /SUBSYSTEM:CONSOLE /TLBID:1 /DYNAMICBASE /NXCOMPAT /IMPLIB:"J:\AIT\Game Engine\Assingment\Snacks\BasicGameProject\Debug\Snacks_Project.lib" /MACHINE:X86 Debug\Animation.obj
         Debug\Arrow.obj
         Debug\GameControllerHandler.obj
         Debug\GameObject.obj
         Debug\GameState.obj
         Debug\GameStateMachine.obj
         Debug\Globals.obj
         Debug\Hero.obj
         Debug\InputHandler.obj
         Debug\KeyboardHandler.obj
         Debug\main.obj
         Debug\MenuGameState.obj
         Debug\MouseHandler.obj
         Debug\PlayGameState.obj
         Debug\SoundManager.obj
         Debug\Vector.obj
         Snacks_Project.vcxproj -> J:\AIT\Game Engine\Assingment\Snacks\BasicGameProject\Debug\Snacks_Project.exe
     1>Done Building Project "J:\AIT\Game Engine\Assingment\Snacks\BasicGameProject\Snacks_Project\Snacks_Project.vcxproj" (Build target(s)).

Build succeeded.

Time Elapsed 00:00:07.08
